<?xml version="1.0" encoding="UTF-8"?>
<testng-results ignored="1" total="2" passed="1" failed="0" skipped="0">
  <reporter-output>
  </reporter-output>
  <suite started-at="2023-07-09T05:56:17Z" name="Default suite" finished-at="2023-07-09T05:56:19Z" duration-ms="1558">
    <groups>
    </groups>
    <test started-at="2023-07-09T05:56:17Z" name="Default test" finished-at="2023-07-09T05:56:19Z" duration-ms="1558">
      <class name="restAPIXML.XmlRestAsured">
        <test-method signature="test2()[pri:0, instance:restAPIXML.XmlRestAsured@4e423aa2]" started-at="2023-07-09T05:56:17Z" name="test2" finished-at="2023-07-09T05:56:19Z" duration-ms="1545" status="PASS">
          <reporter-output>
          </reporter-output>
        </test-method> <!-- test2 -->
      </class> <!-- restAPIXML.XmlRestAsured -->
    </test> <!-- Default test -->
  </suite> <!-- Default suite -->
</testng-results>
